TN:
SF:src\constants\response-status.ts
FNF:0
FNH:0
DA:1,4
DA:11,4
LF:2
LH:2
BRF:0
BRH:0
end_of_record
TN:
SF:src\controllers\calculate.controller.ts
FN:12,(anonymous_4)
FN:17,(anonymous_5)
FNF:2
FNH:2
FNDA:5,(anonymous_4)
FNDA:5,(anonymous_5)
DA:2,4
DA:3,4
DA:5,4
DA:6,4
DA:10,4
DA:13,5
DA:14,5
DA:18,5
DA:20,5
DA:21,2
DA:22,2
DA:25,3
DA:26,3
LF:13
LH:13
BRDA:20,0,0,2
BRDA:20,0,1,3
BRF:2
BRH:2
end_of_record
TN:
SF:src\controllers\greeting.controller.ts
FN:12,(anonymous_4)
FN:17,(anonymous_5)
FN:30,(anonymous_6)
FNF:3
FNH:3
FNDA:9,(anonymous_4)
FNDA:3,(anonymous_5)
FNDA:6,(anonymous_6)
DA:2,4
DA:4,4
DA:7,4
DA:8,4
DA:11,4
DA:13,9
DA:14,9
DA:18,3
DA:20,3
DA:21,3
DA:23,2
DA:25,1
DA:26,1
DA:31,6
DA:33,6
DA:34,2
DA:35,2
DA:38,4
DA:39,4
DA:41,3
DA:42,1
DA:44,2
DA:47,1
DA:48,1
LF:24
LH:24
BRDA:33,0,0,2
BRDA:33,0,1,4
BRDA:41,1,0,1
BRDA:41,1,1,2
BRF:4
BRH:4
end_of_record
TN:
SF:src\controllers\hello.controller.ts
FN:12,(anonymous_4)
FN:17,(anonymous_5)
FNF:2
FNH:2
FNDA:5,(anonymous_4)
FNDA:2,(anonymous_5)
DA:2,4
DA:4,4
DA:7,4
DA:8,4
DA:11,4
DA:13,5
DA:14,5
DA:18,2
DA:19,2
DA:21,2
LF:10
LH:10
BRF:0
BRH:0
end_of_record
TN:
SF:src\controllers\profile.controller.ts
FN:18,(anonymous_4)
FN:23,(anonymous_5)
FN:40,(anonymous_6)
FN:63,(anonymous_7)
FNF:4
FNH:4
FNDA:16,(anonymous_4)
FNDA:7,(anonymous_5)
FNDA:5,(anonymous_6)
FNDA:8,(anonymous_7)
DA:2,4
DA:4,4
DA:5,4
DA:7,4
DA:13,4
DA:14,4
DA:17,4
DA:20,16
DA:24,7
DA:26,7
DA:27,2
DA:28,2
DA:31,5
DA:32,5
DA:33,4
DA:35,1
DA:36,1
DA:41,5
DA:43,5
DA:44,1
DA:45,1
DA:48,4
DA:49,4
DA:51,3
DA:52,1
DA:53,1
DA:56,2
DA:58,1
DA:59,1
DA:64,8
DA:66,8
DA:67,1
DA:68,1
DA:71,7
DA:73,7
DA:74,1
DA:75,1
DA:78,6
DA:79,6
DA:81,5
DA:82,1
DA:83,1
DA:86,4
DA:87,2
DA:88,2
DA:91,2
DA:93,1
DA:94,1
LF:48
LH:48
BRDA:26,0,0,2
BRDA:26,0,1,5
BRDA:43,1,0,1
BRDA:43,1,1,4
BRDA:51,2,0,1
BRDA:51,2,1,2
BRDA:66,3,0,1
BRDA:66,3,1,7
BRDA:73,4,0,1
BRDA:73,4,1,6
BRDA:81,5,0,1
BRDA:81,5,1,4
BRDA:86,6,0,2
BRDA:86,6,1,2
BRF:14
BRH:14
end_of_record
TN:
SF:src\db\mysql.ts
FN:7,createMySqlPool
FN:18,ensureSchema
FN:95,getMySqlPool
FNF:3
FNH:0
FNDA:0,createMySqlPool
FNDA:0,ensureSchema
FNDA:0,getMySqlPool
DA:1,5
DA:5,5
DA:7,5
DA:8,0
DA:18,5
DA:19,0
DA:30,0
DA:47,0
DA:65,0
DA:78,0
DA:95,5
DA:96,0
DA:97,0
DA:100,0
DA:101,0
DA:102,0
DA:104,0
LF:17
LH:5
BRDA:96,0,0,0
BRDA:96,0,1,0
BRF:2
BRH:0
end_of_record
TN:
SF:src\di\dependency-registry.ts
FN:89,(anonymous_1)
FN:37,(anonymous_2)
FN:38,(anonymous_3)
FNF:3
FNH:2
FNDA:0,(anonymous_1)
FNDA:3,(anonymous_2)
FNDA:3,(anonymous_3)
DA:1,3
DA:2,3
DA:4,3
DA:13,3
DA:14,3
DA:15,3
DA:16,3
DA:17,3
DA:18,3
DA:19,3
DA:20,3
DA:21,3
DA:22,3
DA:24,3
DA:26,3
DA:37,3
DA:38,3
DA:43,3
DA:47,3
DA:51,3
DA:53,3
DA:57,3
DA:61,3
DA:65,3
DA:69,3
DA:73,3
DA:77,3
DA:81,3
DA:85,3
DA:89,3
LF:30
LH:30
BRDA:28,0,0,3
BRDA:28,0,1,0
BRDA:29,1,0,3
BRDA:29,1,1,0
BRDA:30,2,0,3
BRDA:30,2,1,0
BRDA:31,3,0,3
BRDA:31,3,1,0
BRDA:32,4,0,3
BRDA:32,4,1,0
BRDA:33,5,0,3
BRDA:33,5,1,0
BRDA:35,6,0,3
BRDA:35,6,1,0
BRDA:39,7,0,3
BRDA:39,7,1,0
BRDA:40,8,0,3
BRDA:40,8,1,0
BRDA:53,9,0,0
BRDA:53,9,1,3
BRDA:57,10,0,0
BRDA:57,10,1,3
BRDA:69,11,0,0
BRDA:69,11,1,3
BRF:24
BRH:12
end_of_record
TN:
SF:src\di\injection-tokens.ts
FNF:0
FNH:0
DA:1,12
LF:1
LH:1
BRF:0
BRH:0
end_of_record
TN:
SF:src\mappers\request\calculate-request.mapper.ts
FN:4,mapCalculateValueChangeRequest
FNF:1
FNH:1
FNDA:12,mapCalculateValueChangeRequest
DA:4,5
DA:7,12
DA:9,12
DA:11,12
DA:18,7
DA:21,5
LF:6
LH:6
BRDA:9,0,0,12
BRDA:9,0,1,4
BRDA:11,1,0,7
BRDA:11,1,1,5
BRDA:12,2,0,12
BRDA:12,2,1,9
BRDA:12,2,2,8
BRDA:12,2,3,7
BRDA:12,2,4,7
BRF:9
BRH:9
end_of_record
TN:
SF:src\mappers\request\greeting-request.mapper.ts
FN:6,mapGetGreetingRequest
FN:20,mapGetGreetingByNameRequest
FNF:2
FNH:2
FNDA:5,mapGetGreetingRequest
FNDA:7,mapGetGreetingByNameRequest
DA:6,5
DA:7,5
DA:9,5
DA:10,1
DA:13,4
DA:15,4
DA:20,5
DA:23,7
LF:8
LH:8
BRDA:9,0,0,1
BRDA:9,0,1,4
BRDA:16,1,0,3
BRDA:16,1,1,1
BRF:4
BRH:4
end_of_record
TN:
SF:src\mappers\request\hello-request.mapper.ts
FN:4,mapGetHelloRequest
FNF:1
FNH:1
FNDA:6,mapGetHelloRequest
DA:4,5
DA:5,6
DA:7,6
DA:8,3
DA:11,3
DA:13,3
LF:6
LH:6
BRDA:7,0,0,3
BRDA:7,0,1,3
BRDA:14,1,0,2
BRDA:14,1,1,1
BRF:4
BRH:4
end_of_record
TN:
SF:src\mappers\request\profile-request.mapper.ts
FN:9,isProfileStatus
FN:13,isNotEmptyString
FN:17,parsePositiveInteger
FN:27,mapCreateProfileRequest
FN:71,mapProfileByIdQueryRequest
FN:75,mapUpdateProfileIdRequest
FN:79,mapUpdateProfileRequest
FNF:7
FNH:7
FNDA:13,isProfileStatus
FNDA:134,isNotEmptyString
FNDA:20,parsePositiveInteger
FNDA:19,mapCreateProfileRequest
FNDA:10,mapProfileByIdQueryRequest
FNDA:10,mapUpdateProfileIdRequest
FNDA:15,mapUpdateProfileRequest
DA:10,13
DA:14,134
DA:18,20
DA:20,20
DA:21,7
DA:24,13
DA:27,5
DA:28,19
DA:30,19
DA:47,12
DA:50,7
DA:71,5
DA:72,10
DA:75,5
DA:76,10
DA:79,5
DA:80,15
DA:81,15
DA:83,15
DA:84,7
DA:85,1
DA:87,6
DA:90,14
DA:91,0
DA:92,0
DA:94,0
DA:97,14
DA:98,0
DA:99,0
DA:101,0
DA:104,14
DA:105,1
DA:106,0
DA:108,1
DA:111,14
DA:112,0
DA:113,0
DA:115,0
DA:118,14
DA:119,1
DA:120,1
DA:122,0
DA:125,13
DA:126,2
DA:128,2
DA:129,0
DA:130,0
DA:132,0
DA:135,2
DA:136,1
DA:137,1
DA:139,0
DA:142,1
DA:143,1
DA:144,0
DA:146,1
DA:149,1
DA:150,0
DA:151,0
DA:153,0
DA:156,1
DA:157,0
DA:158,0
DA:160,0
DA:163,1
DA:164,0
DA:165,0
DA:167,0
DA:171,12
DA:172,3
DA:174,3
DA:175,3
DA:176,1
DA:178,2
DA:183,11
DA:192,11
LF:76
LH:51
BRDA:10,0,0,13
BRDA:10,0,1,3
BRDA:14,1,0,134
BRDA:14,1,1,127
BRDA:20,2,0,7
BRDA:20,2,1,13
BRDA:20,3,0,20
BRDA:20,3,1,15
BRDA:30,4,0,12
BRDA:30,4,1,7
BRDA:31,5,0,19
BRDA:31,5,1,18
BRDA:31,5,2,15
BRDA:31,5,3,14
BRDA:31,5,4,13
BRDA:31,5,5,12
BRDA:31,5,6,11
BRDA:31,5,7,10
BRDA:31,5,8,10
BRDA:31,5,9,4
BRDA:31,5,10,9
BRDA:31,5,11,9
BRDA:31,5,12,9
BRDA:31,5,13,9
BRDA:31,5,14,9
BRDA:31,5,15,8
BRDA:83,6,0,7
BRDA:83,6,1,8
BRDA:84,7,0,1
BRDA:84,7,1,6
BRDA:90,8,0,0
BRDA:90,8,1,14
BRDA:91,9,0,0
BRDA:91,9,1,0
BRDA:97,10,0,0
BRDA:97,10,1,14
BRDA:98,11,0,0
BRDA:98,11,1,0
BRDA:104,12,0,1
BRDA:104,12,1,13
BRDA:105,13,0,0
BRDA:105,13,1,1
BRDA:111,14,0,0
BRDA:111,14,1,14
BRDA:112,15,0,0
BRDA:112,15,1,0
BRDA:118,16,0,1
BRDA:118,16,1,13
BRDA:119,17,0,1
BRDA:119,17,1,0
BRDA:125,18,0,2
BRDA:125,18,1,11
BRDA:128,19,0,0
BRDA:128,19,1,2
BRDA:129,20,0,0
BRDA:129,20,1,0
BRDA:135,21,0,1
BRDA:135,21,1,1
BRDA:136,22,0,1
BRDA:136,22,1,0
BRDA:142,23,0,1
BRDA:142,23,1,0
BRDA:143,24,0,0
BRDA:143,24,1,1
BRDA:149,25,0,0
BRDA:149,25,1,1
BRDA:150,26,0,0
BRDA:150,26,1,0
BRDA:156,27,0,0
BRDA:156,27,1,1
BRDA:157,28,0,0
BRDA:157,28,1,0
BRDA:163,29,0,0
BRDA:163,29,1,1
BRDA:164,30,0,0
BRDA:164,30,1,0
BRDA:171,31,0,3
BRDA:171,31,1,9
BRDA:174,32,0,3
BRDA:174,32,1,0
BRDA:175,33,0,1
BRDA:175,33,1,2
BRDA:183,34,0,11
BRDA:183,34,1,5
BRDA:183,34,2,5
BRDA:183,34,3,5
BRDA:183,34,4,4
BRDA:183,34,5,4
BRDA:183,34,6,4
BRDA:183,34,7,3
BRDA:192,35,0,9
BRDA:192,35,1,2
BRF:92
BRH:65
end_of_record
TN:
SF:src\mappers\response\api-response.mapper.ts
FN:7,mapSuccessResponse
FN:15,mapErrorResponse
FNF:2
FNH:2
FNDA:17,mapSuccessResponse
FNDA:21,mapErrorResponse
DA:7,8
DA:8,17
DA:15,8
DA:16,21
LF:4
LH:4
BRDA:7,0,0,17
BRF:1
BRH:1
end_of_record
TN:
SF:src\mappers\response\profile-response.mapper.ts
FN:3,mapProfileResponse
FNF:1
FNH:1
FNDA:10,mapProfileResponse
DA:3,5
DA:4,10
LF:2
LH:2
BRF:0
BRH:0
end_of_record
TN:
SF:src\publishers\kafka-event.publisher.ts
FN:13,(anonymous_4)
FN:22,(anonymous_5)
FN:35,(anonymous_6)
FN:57,(anonymous_7)
FNF:4
FNH:0
FNDA:0,(anonymous_4)
FNDA:0,(anonymous_5)
FNDA:0,(anonymous_6)
FNDA:0,(anonymous_7)
DA:1,3
DA:2,3
DA:4,3
DA:9,3
DA:11,0
DA:13,0
DA:14,0
DA:19,0
DA:23,0
DA:24,0
DA:27,0
DA:28,0
DA:31,0
DA:32,0
DA:36,0
DA:38,0
DA:42,0
DA:55,0
DA:57,0
LF:19
LH:4
BRDA:23,0,0,0
BRDA:23,0,1,0
BRDA:27,1,0,0
BRDA:27,1,1,0
BRF:4
BRH:0
end_of_record
TN:
SF:src\publishers\noop-event.publisher.ts
FN:7,(anonymous_1)
FN:11,(anonymous_2)
FNF:2
FNH:1
FNDA:0,(anonymous_1)
FNDA:1,(anonymous_2)
DA:1,3
DA:6,3
DA:8,0
DA:12,1
LF:4
LH:3
BRF:0
BRH:0
end_of_record
TN:
SF:src\repositories\mysql-greeting.repository.ts
FN:10,(anonymous_4)
FN:12,(anonymous_5)
FN:19,(anonymous_6)
FNF:3
FNH:3
FNDA:3,(anonymous_4)
FNDA:1,(anonymous_5)
FNDA:2,(anonymous_6)
DA:1,4
DA:3,4
DA:4,4
DA:9,4
DA:10,3
DA:13,1
DA:16,1
DA:20,2
DA:22,2
DA:23,2
DA:24,2
LF:11
LH:11
BRDA:24,0,0,1
BRDA:24,0,1,1
BRF:2
BRH:2
end_of_record
TN:
SF:src\repositories\mysql-profile.repository.ts
FN:32,(anonymous_4)
FN:34,(anonymous_5)
FN:100,(anonymous_6)
FN:138,(anonymous_7)
FN:257,(anonymous_8)
FN:281,(anonymous_9)
FNF:6
FNH:6
FNDA:7,(anonymous_4)
FNDA:2,(anonymous_5)
FNDA:4,(anonymous_6)
FNDA:3,(anonymous_7)
FNDA:3,(anonymous_8)
FNDA:1,(anonymous_9)
DA:1,4
DA:4,4
DA:5,4
DA:31,4
DA:32,7
DA:35,2
DA:36,2
DA:38,2
DA:39,2
DA:41,2
DA:49,2
DA:51,2
DA:67,1
DA:75,1
DA:83,1
DA:85,1
DA:87,1
DA:88,0
DA:91,1
DA:93,1
DA:94,1
DA:96,2
DA:101,4
DA:103,4
DA:129,4
DA:131,4
DA:132,1
DA:135,3
DA:139,3
DA:140,3
DA:142,3
DA:143,3
DA:145,3
DA:150,3
DA:152,3
DA:153,1
DA:154,1
DA:157,2
DA:158,1
DA:159,1
DA:162,1
DA:187,1
DA:189,1
DA:190,0
DA:215,1
DA:216,0
DA:228,1
DA:230,1
DA:231,1
DA:240,1
DA:242,1
DA:244,1
DA:245,0
DA:248,1
DA:250,0
DA:251,0
DA:253,3
DA:258,3
DA:282,1
DA:284,1
DA:285,1
DA:287,1
DA:288,0
DA:290,1
DA:291,0
DA:293,1
DA:294,0
DA:296,1
DA:297,0
DA:299,1
DA:300,0
DA:302,1
DA:303,0
DA:305,1
DA:306,0
DA:309,1
LF:76
LH:63
BRDA:59,0,0,2
BRDA:59,0,1,2
BRDA:72,1,0,1
BRDA:72,1,1,0
BRDA:87,2,0,0
BRDA:87,2,1,1
BRDA:131,3,0,1
BRDA:131,3,1,3
BRDA:152,4,0,1
BRDA:152,4,1,2
BRDA:157,5,0,1
BRDA:157,5,1,1
BRDA:177,6,0,1
BRDA:177,6,1,0
BRDA:178,7,0,1
BRDA:178,7,1,1
BRDA:179,8,0,1
BRDA:179,8,1,1
BRDA:180,9,0,1
BRDA:180,9,1,1
BRDA:181,10,0,1
BRDA:181,10,1,1
BRDA:182,11,0,1
BRDA:182,11,1,1
BRDA:189,12,0,0
BRDA:189,12,1,1
BRDA:205,13,0,0
BRDA:205,13,1,0
BRDA:206,14,0,0
BRDA:206,14,1,0
BRDA:207,15,0,0
BRDA:207,15,1,0
BRDA:208,16,0,0
BRDA:208,16,1,0
BRDA:209,17,0,0
BRDA:209,17,1,0
BRDA:210,18,0,0
BRDA:210,18,1,0
BRDA:215,19,0,0
BRDA:215,19,1,1
BRDA:224,20,0,0
BRDA:224,20,1,0
BRDA:230,21,0,1
BRDA:230,21,1,0
BRDA:244,22,0,0
BRDA:244,22,1,1
BRDA:269,23,0,3
BRDA:269,23,1,3
BRDA:284,24,0,1
BRDA:284,24,1,0
BRDA:287,25,0,0
BRDA:287,25,1,1
BRDA:290,26,0,0
BRDA:290,26,1,1
BRDA:293,27,0,0
BRDA:293,27,1,1
BRDA:296,28,0,0
BRDA:296,28,1,1
BRDA:299,29,0,0
BRDA:299,29,1,1
BRDA:302,30,0,0
BRDA:302,30,1,1
BRDA:305,31,0,0
BRDA:305,31,1,1
BRF:64
BRH:35
end_of_record
TN:
SF:src\repositories\noop-greeting.repository.ts
FN:7,(anonymous_1)
FN:12,(anonymous_2)
FNF:2
FNH:2
FNDA:2,(anonymous_1)
FNDA:2,(anonymous_2)
DA:1,4
DA:6,4
DA:9,2
DA:13,2
LF:4
LH:4
BRF:0
BRH:0
end_of_record
TN:
SF:src\repositories\noop-profile.repository.ts
FN:9,(anonymous_1)
FN:13,(anonymous_2)
FN:42,(anonymous_3)
FN:46,(anonymous_4)
FNF:4
FNH:4
FNDA:9,(anonymous_1)
FNDA:8,(anonymous_2)
FNDA:3,(anonymous_3)
FNDA:5,(anonymous_4)
DA:1,4
DA:9,4
DA:10,9
DA:11,9
DA:14,8
DA:36,8
DA:37,8
DA:39,8
DA:43,3
DA:47,5
DA:49,5
DA:50,1
DA:53,4
DA:54,2
DA:57,2
DA:79,2
DA:80,2
LF:17
LH:17
BRDA:43,0,0,3
BRDA:43,0,1,1
BRDA:49,1,0,1
BRDA:49,1,1,4
BRDA:53,2,0,2
BRDA:53,2,1,2
BRDA:59,3,0,2
BRDA:59,3,1,0
BRDA:60,4,0,2
BRDA:60,4,1,2
BRDA:61,5,0,2
BRDA:61,5,1,2
BRDA:62,6,0,2
BRDA:62,6,1,2
BRDA:63,7,0,2
BRDA:63,7,1,2
BRDA:64,8,0,2
BRDA:64,8,1,2
BRDA:67,9,0,2
BRDA:67,9,1,2
BRDA:68,10,0,2
BRDA:68,10,1,2
BRDA:69,11,0,2
BRDA:69,11,1,1
BRDA:70,12,0,2
BRDA:70,12,1,2
BRDA:71,13,0,2
BRDA:71,13,1,2
BRDA:72,14,0,2
BRDA:72,14,1,2
BRDA:75,15,0,2
BRDA:75,15,1,1
BRF:32
BRH:31
end_of_record
TN:
SF:src\routes\calculate.route.ts
FNF:0
FNH:0
DA:1,3
DA:2,3
DA:4,3
DA:6,3
DA:7,3
DA:9,3
LF:6
LH:6
BRF:0
BRH:0
end_of_record
TN:
SF:src\routes\greeting.route.ts
FNF:0
FNH:0
DA:1,3
DA:2,3
DA:4,3
DA:6,3
DA:7,3
DA:9,3
DA:10,3
LF:7
LH:7
BRF:0
BRH:0
end_of_record
TN:
SF:src\routes\hello.route.ts
FNF:0
FNH:0
DA:1,3
DA:2,3
DA:4,3
DA:6,3
DA:7,3
DA:9,3
LF:6
LH:6
BRF:0
BRH:0
end_of_record
TN:
SF:src\routes\profile.route.ts
FNF:0
FNH:0
DA:1,3
DA:2,3
DA:4,3
DA:6,3
DA:7,3
DA:9,3
DA:10,3
DA:11,3
LF:8
LH:8
BRF:0
BRH:0
end_of_record
TN:
SF:src\services\calculate.service.ts
FN:9,(anonymous_1)
FNF:1
FNH:1
FNDA:3,(anonymous_1)
DA:1,4
DA:5,4
DA:8,4
DA:10,3
LF:4
LH:4
BRF:0
BRH:0
end_of_record
TN:
SF:src\services\greeting.service.ts
FN:15,(anonymous_4)
FN:24,(anonymous_5)
FN:37,(anonymous_6)
FNF:3
FNH:3
FNDA:7,(anonymous_4)
FNDA:3,(anonymous_5)
FNDA:3,(anonymous_6)
DA:1,5
DA:2,5
DA:4,5
DA:11,5
DA:14,5
DA:17,7
DA:19,7
DA:21,7
DA:25,3
DA:27,3
DA:28,3
DA:34,3
DA:38,3
DA:40,3
DA:41,2
DA:44,1
LF:16
LH:16
BRDA:40,0,0,2
BRDA:40,0,1,1
BRF:2
BRH:2
end_of_record
TN:
SF:src\services\hello.service.ts
FN:8,(anonymous_1)
FNF:1
FNH:1
FNDA:1,(anonymous_1)
DA:1,4
DA:4,4
DA:7,4
DA:9,1
LF:4
LH:4
BRF:0
BRH:0
end_of_record
TN:
SF:src\services\profile.service.ts
FN:12,(anonymous_4)
FN:17,(anonymous_5)
FN:21,(anonymous_6)
FN:25,(anonymous_7)
FNF:4
FNH:4
FNDA:9,(anonymous_4)
FNDA:4,(anonymous_5)
FNDA:3,(anonymous_6)
FNDA:5,(anonymous_7)
DA:1,4
DA:3,4
DA:11,4
DA:14,9
DA:18,4
DA:22,3
DA:26,5
LF:7
LH:7
BRF:0
BRH:0
end_of_record
TN:
SF:src\usecases\calculateUsecase.ts
FN:4,calculateValueChangeUsecase
FNF:1
FNH:1
FNDA:6,calculateValueChangeUsecase
DA:4,5
DA:7,6
DA:11,6
LF:3
LH:3
BRDA:7,0,0,3
BRDA:7,0,1,3
BRF:2
BRH:2
end_of_record
TN:
SF:src\usecases\getGreetingMessageUsecase.ts
FN:1,getGreetingMessage
FNF:1
FNH:1
FNDA:6,getGreetingMessage
DA:1,6
DA:2,6
LF:2
LH:2
BRDA:1,0,0,1
BRDA:2,1,0,3
BRDA:2,1,1,3
BRF:3
BRH:3
end_of_record
TN:
SF:src\usecases\getHelloMessageUsecase.ts
FN:1,getHelloMessage
FNF:1
FNH:1
FNDA:1,getHelloMessage
DA:1,5
DA:2,1
LF:2
LH:2
BRF:0
BRH:0
end_of_record
